TN:
SF:/Users/okelly/Documents/Code/src/github.com/KablamoOSS/kerosene/packages/kerosene-feature-flags/src/Condition.ts
FN:1,(anonymous_0)
FN:19,(anonymous_1)
FN:31,(anonymous_2)
FN:34,(anonymous_3)
FN:36,(anonymous_4)
FN:57,(anonymous_5)
FN:67,(anonymous_6)
FN:120,(anonymous_7)
FN:121,(anonymous_8)
FN:124,(anonymous_9)
FN:136,(anonymous_10)
FN:152,(anonymous_11)
FN:164,(anonymous_12)
FN:178,(anonymous_13)
FN:193,(anonymous_14)
FN:195,(anonymous_15)
FN:196,(anonymous_16)
FN:204,(anonymous_17)
FN:205,(anonymous_18)
FN:215,(anonymous_19)
FN:216,(anonymous_20)
FN:226,(anonymous_21)
FN:227,(anonymous_22)
FNF:23
FNH:23
FNDA:1,(anonymous_0)
FNDA:5,(anonymous_1)
FNDA:13,(anonymous_2)
FNDA:43,(anonymous_3)
FNDA:64,(anonymous_4)
FNDA:10,(anonymous_5)
FNDA:4,(anonymous_6)
FNDA:43,(anonymous_7)
FNDA:43,(anonymous_8)
FNDA:13,(anonymous_9)
FNDA:5,(anonymous_10)
FNDA:4,(anonymous_11)
FNDA:2,(anonymous_12)
FNDA:2,(anonymous_13)
FNDA:3,(anonymous_14)
FNDA:15,(anonymous_15)
FNDA:26,(anonymous_16)
FNDA:5,(anonymous_17)
FNDA:7,(anonymous_18)
FNDA:5,(anonymous_19)
FNDA:2,(anonymous_20)
FNDA:5,(anonymous_21)
FNDA:2,(anonymous_22)
DA:1,1
DA:2,1
DA:3,1
DA:4,1
DA:5,1
DA:6,1
DA:21,5
DA:22,5
DA:23,5
DA:24,5
DA:25,5
DA:26,5
DA:28,5
DA:33,13
DA:35,43
DA:36,64
DA:39,43
DA:40,0
DA:43,43
DA:45,43
DA:48,43
DA:50,7
DA:51,0
DA:53,7
DA:55,0
DA:57,10
DA:58,7
DA:60,2
DA:61,0
DA:63,2
DA:65,0
DA:67,4
DA:69,2
DA:71,18
DA:72,0
DA:74,18
DA:76,0
DA:78,18
DA:79,18
DA:81,8
DA:82,0
DA:84,8
DA:86,0
DA:88,8
DA:89,8
DA:91,8
DA:92,0
DA:94,8
DA:96,0
DA:98,8
DA:99,8
DA:103,43
DA:104,0
DA:107,43
DA:108,18
DA:109,17
DA:111,1
DA:112,25
DA:113,25
DA:114,25
DA:116,0
DA:118,0
DA:120,43
DA:121,43
DA:125,13
DA:126,0
DA:128,13
DA:133,13
DA:137,5
DA:138,0
DA:140,5
DA:141,5
DA:146,5
DA:148,0
DA:153,4
DA:154,0
DA:156,4
DA:161,4
DA:165,2
DA:166,0
DA:169,2
DA:175,2
DA:179,2
DA:180,0
DA:182,2
DA:188,2
DA:193,1
DA:194,3
DA:197,26
DA:203,1
DA:206,7
DA:210,7
DA:214,1
DA:217,2
DA:221,2
DA:225,1
DA:228,2
DA:232,2
DA:236,1
LF:99
LH:79
BRDA:1,0,0,1
BRDA:1,0,1,1
BRDA:39,1,0,0
BRDA:39,1,1,43
BRDA:49,2,0,7
BRDA:49,2,1,2
BRDA:49,2,2,18
BRDA:49,2,3,8
BRDA:49,2,4,8
BRDA:50,3,0,0
BRDA:50,3,1,7
BRDA:53,4,0,0
BRDA:53,4,1,7
BRDA:60,5,0,0
BRDA:60,5,1,2
BRDA:63,6,0,0
BRDA:63,6,1,2
BRDA:71,7,0,0
BRDA:71,7,1,18
BRDA:74,8,0,0
BRDA:74,8,1,18
BRDA:81,9,0,0
BRDA:81,9,1,8
BRDA:84,10,0,0
BRDA:84,10,1,8
BRDA:91,11,0,0
BRDA:91,11,1,8
BRDA:94,12,0,0
BRDA:94,12,1,8
BRDA:103,13,0,0
BRDA:103,13,1,43
BRDA:107,14,0,18
BRDA:107,14,1,25
BRDA:108,15,0,17
BRDA:108,15,1,1
BRDA:112,16,0,25
BRDA:112,16,1,0
BRDA:113,17,0,25
BRDA:113,17,1,0
BRDA:125,18,0,0
BRDA:125,18,1,13
BRDA:137,19,0,0
BRDA:137,19,1,5
BRDA:140,20,0,5
BRDA:140,20,1,0
BRDA:140,21,0,5
BRDA:140,21,1,5
BRDA:153,22,0,0
BRDA:153,22,1,4
BRDA:165,23,0,0
BRDA:165,23,1,2
BRDA:179,24,0,0
BRDA:179,24,1,2
BRF:53
BRH:33
end_of_record
TN:
SF:/Users/okelly/Documents/Code/src/github.com/KablamoOSS/kerosene/packages/kerosene-feature-flags/src/index.ts
FN:9,flag
FN:15,(anonymous_1)
FN:18,(anonymous_2)
FN:23,(anonymous_3)
FNF:4
FNH:4
FNDA:5,flag
FNDA:5,(anonymous_1)
FNDA:13,(anonymous_2)
FNDA:13,(anonymous_3)
DA:1,1
DA:10,5
DA:11,5
DA:15,5
DA:16,5
DA:20,13
DA:23,13
DA:28,1
LF:8
LH:8
BRF:0
BRH:0
end_of_record
TN:
SF:/Users/okelly/Documents/Code/src/github.com/KablamoOSS/kerosene/packages/kerosene-test/src/index.ts
FNF:0
FNH:0
DA:3,1
DA:4,1
DA:8,1
DA:9,1
LF:4
LH:4
BRF:0
BRH:0
end_of_record
TN:
SF:/Users/okelly/Documents/Code/src/github.com/KablamoOSS/kerosene/packages/kerosene-test/src/react/createStubComponent.tsx
FN:50,createStubComponent
FN:63,(anonymous_2)
FN:77,(anonymous_3)
FNF:3
FNH:0
FNDA:0,createStubComponent
FNDA:0,(anonymous_2)
FNDA:0,(anonymous_3)
DA:1,1
DA:2,1
DA:50,1
DA:61,0
DA:62,0
DA:64,0
DA:74,0
DA:78,0
DA:80,0
LF:9
LH:3
BRDA:55,0,0,0
BRDA:59,1,0,0
BRDA:61,2,0,0
BRDA:61,2,1,0
BRDA:66,3,0,0
BRDA:66,3,1,0
BRDA:83,4,0,0
BRDA:83,4,1,0
BRF:8
BRH:0
end_of_record
TN:
SF:/Users/okelly/Documents/Code/src/github.com/KablamoOSS/kerosene/packages/kerosene-test/src/react/createStubContext.ts
FN:9,createStubContext
FN:15,(anonymous_2)
FN:25,(anonymous_3)
FNF:3
FNH:0
FNDA:0,createStubContext
FNDA:0,(anonymous_2)
FNDA:0,(anonymous_3)
DA:2,1
DA:9,1
DA:13,0
DA:15,0
DA:26,0
LF:5
LH:2
BRF:0
BRH:0
end_of_record
TN:
SF:/Users/okelly/Documents/Code/src/github.com/KablamoOSS/kerosene/packages/kerosene-test/src/stubs/createStubStyles.ts
FN:8,createStubStyles
FN:12,(anonymous_1)
FN:22,(anonymous_2)
FN:34,(anonymous_3)
FNF:4
FNH:0
FNDA:0,createStubStyles
FNDA:0,(anonymous_1)
FNDA:0,(anonymous_2)
FNDA:0,(anonymous_3)
DA:1,1
DA:8,1
DA:12,0
DA:13,0
DA:14,0
DA:15,0
DA:21,0
DA:23,0
DA:33,0
DA:35,0
DA:36,0
DA:38,0
LF:12
LH:2
BRDA:10,0,0,0
BRDA:14,1,0,0
BRDA:14,1,1,0
BRDA:35,2,0,0
BRDA:35,2,1,0
BRDA:35,3,0,0
BRDA:35,3,1,0
BRF:7
BRH:0
end_of_record
TN:
SF:/Users/okelly/Documents/Code/src/github.com/KablamoOSS/kerosene/packages/kerosene-test/src/stubs/stubProperties.ts
FN:10,stubProperties
FN:15,(anonymous_1)
FN:25,(anonymous_2)
FNF:3
FNH:3
FNDA:3,stubProperties
FNDA:9,(anonymous_1)
FNDA:3,(anonymous_2)
DA:10,1
DA:14,3
DA:16,9
DA:17,9
DA:22,3
DA:25,3
DA:26,3
LF:7
LH:7
BRDA:17,0,0,6
BRDA:17,0,1,3
BRF:2
BRH:2
end_of_record
TN:
SF:/Users/okelly/Documents/Code/src/github.com/KablamoOSS/kerosene/packages/kerosene-ui/src/ShowWhen/index.tsx
FN:9,(anonymous_0)
FNF:1
FNH:1
FNDA:3,(anonymous_0)
DA:1,1
DA:8,1
DA:10,3
DA:11,1
DA:13,2
LF:5
LH:5
BRDA:10,0,0,1
BRDA:10,0,1,2
BRF:2
BRH:2
end_of_record
TN:
SF:/Users/okelly/Documents/Code/src/github.com/KablamoOSS/kerosene/packages/kerosene-ui/src/hooks/useKonamiCode.ts
FN:14,useKonamiCode
FN:20,(anonymous_2)
FN:21,(anonymous_3)
FN:29,(anonymous_4)
FNF:4
FNH:4
FNDA:4,useKonamiCode
FNDA:2,(anonymous_2)
FNDA:20,(anonymous_3)
FNDA:2,(anonymous_4)
DA:1,1
DA:2,1
DA:14,1
DA:18,4
DA:20,4
DA:21,2
DA:22,20
DA:23,20
DA:24,20
DA:27,2
DA:29,2
LF:11
LH:11
BRDA:24,0,0,2
BRDA:24,0,1,18
BRF:2
BRH:2
end_of_record
TN:
SF:/Users/okelly/Documents/Code/src/github.com/KablamoOSS/kerosene/packages/kerosene-ui/src/hooks/usePageVisibility.ts
FN:16,usePageVisibility
FN:22,(anonymous_2)
FN:39,(anonymous_3)
FN:42,(anonymous_4)
FNF:4
FNH:4
FNDA:6,usePageVisibility
FNDA:5,(anonymous_2)
FNDA:3,(anonymous_3)
FNDA:2,(anonymous_4)
DA:1,1
DA:16,1
DA:19,6
DA:20,6
DA:22,6
DA:24,5
DA:27,5
DA:30,5
DA:31,3
DA:36,6
DA:39,6
DA:40,3
DA:42,3
DA:43,2
DA:50,6
LF:15
LH:15
BRDA:17,0,0,5
BRDA:24,1,0,1
BRDA:30,2,0,3
BRDA:30,2,1,2
BRDA:51,3,0,5
BRDA:51,3,1,1
BRF:6
BRH:6
end_of_record
TN:
SF:/Users/okelly/Documents/Code/src/github.com/KablamoOSS/kerosene/packages/kerosene-ui/src/hooks/usePopup.ts
FN:14,usePopup
FN:23,(anonymous_3)
FN:38,(anonymous_4)
FN:41,(anonymous_5)
FN:42,(anonymous_6)
FN:47,(anonymous_7)
FN:59,(anonymous_8)
FNF:7
FNH:7
FNDA:11,usePopup
FNDA:2,(anonymous_3)
FNDA:1,(anonymous_4)
FNDA:11,(anonymous_5)
FNDA:3,(anonymous_6)
FNDA:5,(anonymous_7)
FNDA:10,(anonymous_8)
DA:2,1
DA:3,1
DA:7,1
DA:14,1
DA:18,11
DA:20,11
DA:22,11
DA:23,11
DA:24,2
DA:25,2
DA:35,2
DA:36,2
DA:38,2
DA:41,11
DA:42,11
DA:43,3
DA:45,3
DA:47,5
DA:50,3
DA:51,1
DA:54,11
DA:59,11
DA:60,10
DA:67,11
LF:24
LH:24
BRDA:15,0,0,9
BRDA:16,1,0,11
BRDA:45,2,0,3
BRDA:45,2,1,3
BRDA:47,3,0,5
BRDA:47,3,1,5
BRDA:50,4,0,1
BRDA:50,4,1,2
BRDA:50,5,0,3
BRDA:50,5,1,1
BRF:10
BRH:10
end_of_record
TN:
SF:/Users/okelly/Documents/Code/src/github.com/KablamoOSS/kerosene/packages/kerosene-ui/src/hooks/usePrevious.ts
FN:15,usePrevious
FN:17,(anonymous_2)
FNF:2
FNH:2
FNDA:4,usePrevious
FNDA:4,(anonymous_2)
DA:1,1
DA:15,1
DA:16,4
DA:17,4
DA:18,4
DA:20,4
LF:6
LH:6
BRF:0
BRH:0
end_of_record
TN:
SF:/Users/okelly/Documents/Code/src/github.com/KablamoOSS/kerosene/packages/kerosene-ui/src/hooks/useRafThrottle.ts
FN:10,useRafThrottle
FN:15,(anonymous_3)
FN:20,(anonymous_4)
FN:20,(anonymous_5)
FN:24,(anonymous_6)
FN:24,(anonymous_7)
FNF:6
FNH:6
FNDA:4,useRafThrottle
FNDA:2,(anonymous_3)
FNDA:1,(anonymous_4)
FNDA:2,(anonymous_5)
FNDA:1,(anonymous_6)
FNDA:1,(anonymous_7)
DA:1,1
DA:2,1
DA:10,1
DA:13,4
DA:15,4
DA:16,2
DA:19,4
DA:20,2
DA:24,4
DA:26,4
LF:10
LH:10
BRF:0
BRH:0
end_of_record
TN:
SF:/Users/okelly/Documents/Code/src/github.com/KablamoOSS/kerosene/packages/kerosene-ui/src/hooks/useRect.ts
FN:30,useRect
FN:42,(anonymous_3)
FN:55,(anonymous_4)
FN:59,(anonymous_5)
FN:62,(anonymous_6)
FN:71,(anonymous_7)
FN:73,(anonymous_8)
FNF:7
FNH:7
FNDA:17,useRect
FNDA:11,(anonymous_3)
FNDA:17,(anonymous_4)
FNDA:17,(anonymous_5)
FNDA:14,(anonymous_6)
FNDA:16,(anonymous_7)
FNDA:19,(anonymous_8)
DA:2,2
DA:3,2
DA:4,2
DA:5,2
DA:6,2
DA:18,2
DA:30,2
DA:34,17
DA:35,17
DA:36,17
DA:40,17
DA:42,17
DA:43,11
DA:46,11
DA:48,11
DA:52,11
DA:55,17
DA:56,17
DA:59,17
DA:60,17
DA:61,11
DA:62,11
DA:63,14
DA:71,17
DA:72,16
DA:73,16
DA:74,19
DA:83,17
LF:28
LH:28
BRDA:31,0,0,3
BRDA:32,1,0,14
BRDA:44,2,0,11
BRDA:44,2,1,0
BRDA:46,3,0,3
BRDA:46,3,1,8
BRDA:52,4,0,3
BRDA:52,4,1,8
BRDA:56,5,0,11
BRDA:56,5,1,6
BRDA:60,6,0,11
BRDA:60,6,1,6
BRF:12
BRH:11
end_of_record
TN:
SF:/Users/okelly/Documents/Code/src/github.com/KablamoOSS/kerosene/packages/kerosene-ui/src/utils/css.ts
FNF:0
FNH:0
DA:1,3
LF:1
LH:1
BRF:0
BRH:0
end_of_record
TN:
SF:/Users/okelly/Documents/Code/src/github.com/KablamoOSS/kerosene/packages/kerosene-ui/src/utils/getSafeAreaInsets.ts
FN:11,getSafeAreaInsets
FN:15,(anonymous_1)
FN:24,(anonymous_2)
FNF:3
FNH:3
FNDA:3,getSafeAreaInsets
FNDA:4,(anonymous_1)
FNDA:12,(anonymous_2)
DA:2,1
DA:4,1
DA:11,1
DA:12,3
DA:13,1
DA:14,1
DA:15,1
DA:16,4
DA:20,1
DA:22,3
DA:23,3
DA:24,12
LF:12
LH:12
BRDA:12,0,0,1
BRDA:12,0,1,2
BRDA:26,1,0,12
BRDA:26,1,1,8
BRDA:26,1,2,4
BRF:5
BRH:5
end_of_record
TN:
SF:/Users/okelly/Documents/Code/src/github.com/KablamoOSS/kerosene/packages/kerosene-ui/src/utils/getTextWidth.ts
FN:17,getTextWidth
FNF:1
FNH:1
FNDA:3,getTextWidth
DA:1,1
DA:10,1
DA:17,1
DA:18,3
DA:19,1
DA:22,3
DA:24,3
DA:26,2
DA:29,2
LF:9
LH:9
BRDA:18,0,0,1
BRDA:18,0,1,2
BRDA:24,1,0,1
BRDA:24,1,1,2
BRF:4
BRH:4
end_of_record
TN:
SF:/Users/okelly/Documents/Code/src/github.com/KablamoOSS/kerosene/packages/kerosene-ui/src/utils/getViewportDimensions.ts
FN:18,getViewportDimensions
FNF:1
FNH:1
FNDA:5,getViewportDimensions
DA:6,1
DA:18,1
DA:20,5
DA:24,2
DA:25,2
DA:26,2
DA:27,2
DA:30,3
LF:8
LH:8
BRDA:20,0,0,2
BRDA:20,0,1,3
BRDA:21,1,0,5
BRDA:21,1,1,3
BRDA:27,2,0,1
BRDA:27,2,1,1
BRDA:27,3,0,1
BRDA:27,3,1,1
BRF:8
BRH:8
end_of_record
TN:
SF:/Users/okelly/Documents/Code/src/github.com/KablamoOSS/kerosene/packages/kerosene-ui/src/utils/isInViewport.ts
FN:7,isInViewport
FNF:1
FNH:1
FNDA:10,isInViewport
DA:1,1
DA:7,1
DA:8,10
DA:9,10
DA:11,10
LF:5
LH:5
BRDA:11,0,0,10
BRDA:11,0,1,9
BRDA:11,0,2,8
BRDA:11,0,3,7
BRF:4
BRH:4
end_of_record
TN:
SF:/Users/okelly/Documents/Code/src/github.com/KablamoOSS/kerosene/packages/kerosene-ui/src/utils/isPwa.ts
FN:4,isPwa
FNF:1
FNH:1
FNDA:4,isPwa
DA:4,1
DA:5,4
LF:2
LH:2
BRDA:6,0,0,4
BRDA:6,0,1,3
BRF:2
BRH:2
end_of_record
TN:
SF:/Users/okelly/Documents/Code/src/github.com/KablamoOSS/kerosene/packages/kerosene-ui/src/utils/listeners.ts
FN:11,(anonymous_0)
FN:24,(anonymous_1)
FNF:2
FNH:1
FNDA:0,(anonymous_0)
FNDA:1,(anonymous_1)
DA:1,1
DA:6,1
DA:7,1
DA:9,1
DA:10,1
DA:12,0
DA:13,0
DA:16,1
DA:17,1
DA:19,0
DA:22,1
DA:23,1
DA:25,1
DA:26,1
DA:30,1
DA:31,1
DA:33,0
DA:36,1
DA:39,1
DA:43,1
DA:49,1
LF:21
LH:17
BRDA:37,0,0,0
BRDA:37,0,1,1
BRDA:40,1,0,0
BRDA:40,1,1,1
BRDA:44,2,0,0
BRDA:44,2,1,1
BRDA:50,3,0,0
BRDA:50,3,1,1
BRF:8
BRH:4
end_of_record
TN:
SF:/Users/okelly/Documents/Code/src/github.com/KablamoOSS/kerosene/packages/kerosene-ui/src/utils/measureCSSProperty.ts
FN:27,measureCSSProperty
FNF:1
FNH:1
FNDA:1,measureCSSProperty
DA:27,1
DA:32,1
DA:33,1
DA:34,1
DA:35,1
DA:36,1
DA:37,1
LF:7
LH:7
BRF:0
BRH:0
end_of_record
TN:
SF:/Users/okelly/Documents/Code/src/github.com/KablamoOSS/kerosene/packages/kerosene-ui/src/utils/mergeRefs.ts
FN:7,mergeRefs
FN:8,(anonymous_1)
FN:9,(anonymous_2)
FNF:3
FNH:3
FNDA:1,mergeRefs
FNDA:2,(anonymous_1)
FNDA:8,(anonymous_2)
DA:7,1
DA:8,1
DA:9,2
DA:10,8
DA:11,2
DA:12,6
DA:14,2
LF:7
LH:7
BRDA:10,0,0,2
BRDA:10,0,1,6
BRDA:12,1,0,2
BRDA:12,1,1,4
BRF:4
BRH:4
end_of_record
TN:
SF:/Users/okelly/Documents/Code/src/github.com/KablamoOSS/kerosene/packages/kerosene-ui/src/utils/rafThrottle.ts
FN:5,rafThrottle
FN:10,(anonymous_1)
FN:10,(anonymous_2)
FN:16,(anonymous_3)
FN:22,(anonymous_4)
FNF:5
FNH:5
FNDA:3,rafThrottle
FNDA:3,(anonymous_1)
FNDA:2,(anonymous_2)
FNDA:6,(anonymous_3)
FNDA:2,(anonymous_4)
DA:5,2
DA:8,3
DA:10,3
DA:11,2
DA:12,2
DA:15,3
DA:17,6
DA:18,3
DA:23,2
DA:24,1
DA:25,1
LF:11
LH:11
BRDA:17,0,0,3
BRDA:17,0,1,3
BRDA:23,1,0,1
BRDA:23,1,1,1
BRF:4
BRH:4
end_of_record
TN:
SF:/Users/okelly/Documents/Code/src/github.com/KablamoOSS/kerosene/packages/kerosene-ui/src/utils/waitForRepaint.ts
FN:4,waitForRepaint
FN:7,(anonymous_1)
FN:13,(anonymous_2)
FN:16,(anonymous_3)
FN:17,(anonymous_4)
FNF:5
FNH:5
FNDA:2,waitForRepaint
FNDA:1,(anonymous_1)
FNDA:2,(anonymous_2)
FNDA:2,(anonymous_3)
FNDA:1,(anonymous_4)
DA:4,1
DA:5,2
DA:6,2
DA:7,2
DA:8,1
DA:9,1
DA:12,2
DA:14,2
DA:16,2
DA:17,2
DA:18,1
DA:19,1
DA:20,1
LF:13
LH:13
BRDA:8,0,0,1
BRDA:8,0,1,1
BRDA:9,1,0,1
BRDA:9,1,1,1
BRF:4
BRH:4
end_of_record
TN:
SF:/Users/okelly/Documents/Code/src/github.com/KablamoOSS/kerosene/packages/kerosene/src/array/contains.ts
FN:3,contains
FN:15,(anonymous_1)
FNF:2
FNH:2
FNDA:12,contains
FNDA:27,(anonymous_1)
DA:1,1
DA:3,1
DA:8,12
DA:9,2
DA:12,10
DA:13,10
DA:15,10
DA:16,27
LF:8
LH:8
BRDA:6,0,0,7
BRDA:8,1,0,2
BRDA:8,1,1,10
BRF:3
BRH:3
end_of_record
TN:
SF:/Users/okelly/Documents/Code/src/github.com/KablamoOSS/kerosene/packages/kerosene/src/array/product.ts
FN:43,product
FN:45,(anonymous_1)
FN:46,(anonymous_2)
FN:46,(anonymous_3)
FNF:4
FNH:4
FNDA:4,product
FNDA:6,(anonymous_1)
FNDA:17,(anonymous_2)
FNDA:46,(anonymous_3)
DA:43,1
DA:44,4
DA:46,46
LF:3
LH:3
BRF:0
BRH:0
end_of_record
TN:
SF:/Users/okelly/Documents/Code/src/github.com/KablamoOSS/kerosene/packages/kerosene/src/array/remove.ts
FN:1,remove
FN:2,(anonymous_1)
FNF:2
FNH:2
FNDA:7,remove
FNDA:24,(anonymous_1)
DA:1,2
DA:2,24
LF:2
LH:2
BRF:0
BRH:0
end_of_record
TN:
SF:/Users/okelly/Documents/Code/src/github.com/KablamoOSS/kerosene/packages/kerosene/src/array/toggle.ts
FN:3,toggle
FNF:1
FNH:1
FNDA:4,toggle
DA:1,1
DA:3,1
DA:4,4
DA:5,2
DA:7,2
LF:5
LH:5
BRDA:4,0,0,2
BRDA:4,0,1,2
BRF:2
BRH:2
end_of_record
TN:
SF:/Users/okelly/Documents/Code/src/github.com/KablamoOSS/kerosene/packages/kerosene/src/datetime/getCalendarWeeks.ts
FN:32,getCalendarWeeks
FN:51,(anonymous_2)
FN:52,(anonymous_3)
FNF:3
FNH:3
FNDA:4,getCalendarWeeks
FNDA:20,(anonymous_2)
FNDA:140,(anonymous_3)
DA:1,1
DA:2,1
DA:3,1
DA:32,1
DA:36,4
DA:37,4
DA:39,4
DA:42,4
DA:45,4
DA:50,4
DA:52,20
DA:53,140
DA:54,140
LF:13
LH:13
BRF:0
BRH:0
end_of_record
TN:
SF:/Users/okelly/Documents/Code/src/github.com/KablamoOSS/kerosene/packages/kerosene/src/datetime/index.ts
FN:13,(anonymous_0)
FN:28,(anonymous_1)
FNF:2
FNH:2
FNDA:1,(anonymous_0)
FNDA:1,(anonymous_1)
DA:1,1
DA:3,1
DA:5,1
DA:7,1
DA:9,1
DA:11,1
DA:13,1
DA:14,1
DA:15,1
DA:16,1
DA:17,1
DA:18,1
DA:19,1
DA:20,1
DA:21,1
DA:22,1
DA:23,1
DA:24,1
DA:25,1
DA:28,1
DA:29,1
DA:30,1
DA:31,1
DA:32,1
DA:33,1
DA:34,1
DA:35,1
DA:38,1
DA:45,1
DA:46,1
DA:47,1
DA:48,1
LF:32
LH:32
BRDA:13,0,0,1
BRDA:13,0,1,1
BRDA:28,1,0,1
BRDA:28,1,1,1
BRF:4
BRH:4
end_of_record
TN:
SF:/Users/okelly/Documents/Code/src/github.com/KablamoOSS/kerosene/packages/kerosene/src/datetime/isAfterDay.ts
FN:8,isAfterDay
FNF:1
FNH:1
FNDA:6,isAfterDay
DA:1,3
DA:8,3
DA:12,6
LF:3
LH:3
BRF:0
BRH:0
end_of_record
TN:
SF:/Users/okelly/Documents/Code/src/github.com/KablamoOSS/kerosene/packages/kerosene/src/datetime/isBeforeDay.ts
FN:8,isBeforeDay
FNF:1
FNH:1
FNDA:6,isBeforeDay
DA:1,3
DA:8,3
DA:12,6
LF:3
LH:3
BRF:0
BRH:0
end_of_record
TN:
SF:/Users/okelly/Documents/Code/src/github.com/KablamoOSS/kerosene/packages/kerosene/src/datetime/isSameOrAfterDay.ts
FN:9,isSameOrAfterDay
FNF:1
FNH:1
FNDA:4,isSameOrAfterDay
DA:1,2
DA:2,2
DA:9,2
DA:13,4
LF:4
LH:4
BRDA:13,0,0,4
BRDA:13,0,1,2
BRF:2
BRH:2
end_of_record
TN:
SF:/Users/okelly/Documents/Code/src/github.com/KablamoOSS/kerosene/packages/kerosene/src/datetime/isSameOrBeforeDay.ts
FN:9,isSameOrBeforeDay
FNF:1
FNH:1
FNDA:4,isSameOrBeforeDay
DA:1,2
DA:2,2
DA:9,2
DA:13,4
LF:4
LH:4
BRDA:13,0,0,4
BRDA:13,0,1,2
BRF:2
BRH:2
end_of_record
TN:
SF:/Users/okelly/Documents/Code/src/github.com/KablamoOSS/kerosene/packages/kerosene/src/fetch/isNetworkError.ts
FN:19,isNetworkError
FNF:1
FNH:1
FNDA:7,isNetworkError
DA:10,1
DA:19,1
DA:20,7
LF:3
LH:3
BRDA:21,0,0,7
BRDA:21,0,1,5
BRF:2
BRH:2
end_of_record
TN:
SF:/Users/okelly/Documents/Code/src/github.com/KablamoOSS/kerosene/packages/kerosene/src/fetch/transform.ts
FN:8,transform
FNF:1
FNH:1
FNDA:5,transform
DA:1,2
DA:8,2
DA:9,5
DA:10,1
DA:13,4
DA:15,4
DA:16,1
DA:19,3
DA:21,3
DA:23,1
DA:26,1
DA:30,1
LF:12
LH:12
BRDA:9,0,0,1
BRDA:9,0,1,4
BRDA:15,1,0,1
BRDA:15,1,1,3
BRDA:22,2,0,1
BRDA:22,2,1,1
BRDA:22,2,2,1
BRDA:22,2,3,1
BRF:8
BRH:8
end_of_record
TN:
SF:/Users/okelly/Documents/Code/src/github.com/KablamoOSS/kerosene/packages/kerosene/src/fetch/transformAndCheckStatus.ts
FN:7,transformAndCheckStatus
FN:10,(anonymous_2)
FNF:2
FNH:2
FNDA:2,transformAndCheckStatus
FNDA:2,(anonymous_2)
DA:1,1
DA:7,1
DA:10,2
DA:11,2
DA:13,1
LF:5
LH:5
BRDA:11,0,0,1
BRDA:11,0,1,1
BRDA:11,1,0,2
BRDA:11,1,1,2
BRF:4
BRH:4
end_of_record
TN:
SF:/Users/okelly/Documents/Code/src/github.com/KablamoOSS/kerosene/packages/kerosene/src/math/ceil.ts
FN:6,ceil
FNF:1
FNH:1
FNDA:2,ceil
DA:6,1
DA:7,2
LF:2
LH:2
BRDA:6,0,0,1
BRF:1
BRH:1
end_of_record
TN:
SF:/Users/okelly/Documents/Code/src/github.com/KablamoOSS/kerosene/packages/kerosene/src/math/clamp.ts
FN:11,clamp
FNF:1
FNH:1
FNDA:4,clamp
DA:11,1
DA:12,4
LF:2
LH:2
BRF:0
BRH:0
end_of_record
TN:
SF:/Users/okelly/Documents/Code/src/github.com/KablamoOSS/kerosene/packages/kerosene/src/math/divmod.ts
FN:7,divmod
FNF:1
FNH:1
FNDA:3,divmod
DA:7,1
DA:11,3
LF:2
LH:2
BRF:0
BRH:0
end_of_record
TN:
SF:/Users/okelly/Documents/Code/src/github.com/KablamoOSS/kerosene/packages/kerosene/src/math/floor.ts
FN:6,floor
FNF:1
FNH:1
FNDA:2,floor
DA:6,1
DA:7,2
LF:2
LH:2
BRDA:6,0,0,1
BRF:1
BRH:1
end_of_record
TN:
SF:/Users/okelly/Documents/Code/src/github.com/KablamoOSS/kerosene/packages/kerosene/src/math/isNegative.ts
FN:5,isNegative
FNF:1
FNH:1
FNDA:7,isNegative
DA:5,1
DA:8,7
LF:2
LH:2
BRF:0
BRH:0
end_of_record
TN:
SF:/Users/okelly/Documents/Code/src/github.com/KablamoOSS/kerosene/packages/kerosene/src/math/round.ts
FN:6,round
FNF:1
FNH:1
FNDA:2,round
DA:6,1
DA:7,2
LF:2
LH:2
BRDA:6,0,0,1
BRF:1
BRH:1
end_of_record
TN:
SF:/Users/okelly/Documents/Code/src/github.com/KablamoOSS/kerosene/packages/kerosene/src/math/toDegrees.ts
FN:5,toDegrees
FNF:1
FNH:1
FNDA:9,toDegrees
DA:5,1
DA:6,9
LF:2
LH:2
BRF:0
BRH:0
end_of_record
TN:
SF:/Users/okelly/Documents/Code/src/github.com/KablamoOSS/kerosene/packages/kerosene/src/math/toRadians.ts
FN:5,toDegrees
FNF:1
FNH:1
FNDA:9,toDegrees
DA:5,1
DA:6,9
LF:2
LH:2
BRF:0
BRH:0
end_of_record
TN:
SF:/Users/okelly/Documents/Code/src/github.com/KablamoOSS/kerosene/packages/kerosene/src/math/toSignificantFigures.ts
FN:6,toSignificantFigures
FNF:1
FNH:1
FNDA:6,toSignificantFigures
DA:6,1
DA:10,6
LF:2
LH:2
BRF:0
BRH:0
end_of_record
TN:
SF:/Users/okelly/Documents/Code/src/github.com/KablamoOSS/kerosene/packages/kerosene/src/string/caseInsensitiveEquals.ts
FN:1,(anonymous_0)
FNF:1
FNH:1
FNDA:5,(anonymous_0)
DA:1,1
DA:2,5
DA:5,1
LF:3
LH:3
BRF:0
BRH:0
end_of_record
TN:
SF:/Users/okelly/Documents/Code/src/github.com/KablamoOSS/kerosene/packages/kerosene/src/string/domSafeJson.ts
FN:15,domSafeJson
FN:17,(anonymous_2)
FNF:2
FNH:2
FNDA:2,domSafeJson
FNDA:3,(anonymous_2)
DA:1,1
DA:6,1
DA:15,1
DA:16,2
DA:17,3
LF:5
LH:5
BRF:0
BRH:0
end_of_record
TN:
SF:/Users/okelly/Documents/Code/src/github.com/KablamoOSS/kerosene/packages/kerosene/src/string/elide.ts
FN:1,(anonymous_0)
FNF:1
FNH:1
FNDA:4,(anonymous_0)
DA:1,1
DA:6,4
DA:7,2
DA:10,2
DA:12,2
DA:13,1
DA:14,1
DA:17,2
DA:20,1
LF:9
LH:9
BRDA:4,0,0,2
BRDA:6,1,0,2
BRDA:6,1,1,2
BRDA:12,2,0,1
BRDA:12,2,1,1
BRF:5
BRH:5
end_of_record
TN:
SF:/Users/okelly/Documents/Code/src/github.com/KablamoOSS/kerosene/packages/kerosene/src/string/escape.ts
FN:5,escape
FN:8,(anonymous_1)
FNF:2
FNH:2
FNDA:4,escape
FNDA:5,(anonymous_1)
DA:5,2
DA:6,4
DA:8,5
LF:3
LH:3
BRF:0
BRH:0
end_of_record
TN:
SF:/Users/okelly/Documents/Code/src/github.com/KablamoOSS/kerosene/packages/kerosene/src/string/getRandomString.ts
FN:1,(anonymous_0)
FNF:1
FNH:1
FNDA:253,(anonymous_0)
DA:1,2
DA:2,253
DA:5,2
LF:3
LH:3
BRF:0
BRH:0
end_of_record
TN:
SF:/Users/okelly/Documents/Code/src/github.com/KablamoOSS/kerosene/packages/kerosene/src/string/isOnlyWhitespace.ts
FN:1,(anonymous_0)
FNF:1
FNH:1
FNDA:14,(anonymous_0)
DA:1,1
DA:2,14
DA:5,1
LF:3
LH:3
BRF:0
BRH:0
end_of_record
TN:
SF:/Users/okelly/Documents/Code/src/github.com/KablamoOSS/kerosene/packages/kerosene/src/string/parseSearch.ts
FN:6,parseSearch
FNF:1
FNH:1
FNDA:2,parseSearch
DA:1,1
DA:6,1
DA:7,2
DA:8,2
LF:4
LH:4
BRDA:7,0,0,1
BRF:1
BRH:1
end_of_record
TN:
SF:/Users/okelly/Documents/Code/src/github.com/KablamoOSS/kerosene/packages/kerosene/src/string/removeLineBreaks.ts
FN:3,(anonymous_1)
FNF:1
FNH:1
FNDA:5,(anonymous_1)
DA:1,1
DA:3,1
DA:4,5
DA:6,5
DA:7,5
DA:9,5
DA:12,1
LF:7
LH:7
BRF:0
BRH:0
end_of_record
TN:
SF:/Users/okelly/Documents/Code/src/github.com/KablamoOSS/kerosene/packages/kerosene/src/string/replaceAll.ts
FN:1,(anonymous_0)
FNF:1
FNH:1
FNDA:14,(anonymous_0)
DA:1,2
DA:6,14
DA:8,14
DA:9,25
DA:12,14
DA:15,2
LF:6
LH:6
BRF:0
BRH:0
end_of_record
TN:
SF:/Users/okelly/Documents/Code/src/github.com/KablamoOSS/kerosene/packages/kerosene/src/string/toTitleCase.ts
FN:29,toTitleCase
FN:35,(anonymous_1)
FNF:2
FNH:2
FNDA:56,toTitleCase
FNDA:164,(anonymous_1)
DA:1,1
DA:3,1
DA:29,1
DA:33,56
DA:36,164
DA:37,164
LF:6
LH:6
BRDA:31,0,0,55
BRDA:40,1,0,146
BRDA:40,1,1,18
BRDA:37,2,0,164
BRDA:37,2,1,108
BRDA:37,2,2,52
BRF:6
BRH:6
end_of_record
